[05Jan2025 01:00:34.921] [Server thread/INFO] [net.minecraft.server.network.ServerGamePacketListenerImpl/]: YeferJV lost connection: Disconnected
[05Jan2025 01:00:34.926] [Server thread/INFO] [net.minecraft.server.MinecraftServer/]: YeferJV left the game
[05Jan2025 01:16:12.521] [Server thread/INFO] [net.minecraft.server.network.ServerLoginPacketListenerImpl/]: com.mojang.authlib.GameProfile@6afb78e6[id=<null>,name=YeferJV,properties={},legacy=false] (/127.253.53.126:36811) lost connection: Timed out
[05Jan2025 01:17:16.968] [Server thread/INFO] [net.minecraft.server.network.ServerLoginPacketListenerImpl/]: com.mojang.authlib.GameProfile@5e8a3015[id=<null>,name=YeferJV,properties={},legacy=false] (/127.253.53.126:37531) lost connection: Disconnected
[05Jan2025 01:19:15.467] [Server thread/INFO] [net.minecraft.server.network.ServerLoginPacketListenerImpl/]: com.mojang.authlib.GameProfile@1e700421[id=<null>,name=YeferJV,properties={},legacy=false] (/127.253.53.126:47931) lost connection: Timed out
[05Jan2025 01:19:18.155] [Server thread/INFO] [net.minecraft.server.MinecraftServer/]: Stopping server
[05Jan2025 01:19:18.155] [Server thread/INFO] [net.minecraft.server.MinecraftServer/]: Saving players
[05Jan2025 01:19:18.155] [Server thread/INFO] [net.minecraft.server.MinecraftServer/]: Saving worlds
[05Jan2025 01:19:18.176] [Server thread/INFO] [net.minecraft.server.MinecraftServer/]: Saving chunks for level 'ServerLevel[world]'/minecraft:overworld
[05Jan2025 01:19:18.185] [Server thread/INFO] [net.minecraft.server.MinecraftServer/]: Saving chunks for level 'ServerLevel[world]'/minecraft:the_nether
[05Jan2025 01:19:18.188] [Server thread/INFO] [net.minecraft.server.MinecraftServer/]: Saving chunks for level 'ServerLevel[world]'/mythicbotany:alfheim
[05Jan2025 01:19:18.189] [Server thread/INFO] [net.minecraft.server.MinecraftServer/]: Saving chunks for level 'ServerLevel[world]'/allthemodium:the_other
[05Jan2025 01:19:18.191] [Server thread/INFO] [net.minecraft.server.MinecraftServer/]: Saving chunks for level 'ServerLevel[world]'/bloodmagic:dungeon
[05Jan2025 01:19:18.193] [Server thread/INFO] [net.minecraft.server.MinecraftServer/]: Saving chunks for level 'ServerLevel[world]'/minecraft:the_end
[05Jan2025 01:19:18.194] [Server thread/INFO] [net.minecraft.server.MinecraftServer/]: Saving chunks for level 'ServerLevel[world]'/allthemodium:mining
[05Jan2025 01:19:18.196] [Server thread/INFO] [net.minecraft.server.MinecraftServer/]: Saving chunks for level 'ServerLevel[world]'/allthemodium:the_beyond
[05Jan2025 01:19:18.198] [Server thread/INFO] [net.minecraft.server.MinecraftServer/]: Saving chunks for level 'ServerLevel[world]'/ae2:spatial_storage
[05Jan2025 01:19:18.367] [Server thread/INFO] [net.minecraft.server.MinecraftServer/]: ThreadedAnvilChunkStorage (world): All chunks are saved
[05Jan2025 01:19:18.367] [Server thread/INFO] [net.minecraft.server.MinecraftServer/]: ThreadedAnvilChunkStorage (DIM-1): All chunks are saved
[05Jan2025 01:19:18.367] [Server thread/INFO] [net.minecraft.server.MinecraftServer/]: ThreadedAnvilChunkStorage (alfheim): All chunks are saved
[05Jan2025 01:19:18.367] [Server thread/INFO] [net.minecraft.server.MinecraftServer/]: ThreadedAnvilChunkStorage (the_other): All chunks are saved
[05Jan2025 01:19:18.368] [Server thread/INFO] [net.minecraft.server.MinecraftServer/]: ThreadedAnvilChunkStorage (dungeon): All chunks are saved
[05Jan2025 01:19:18.368] [Server thread/INFO] [net.minecraft.server.MinecraftServer/]: ThreadedAnvilChunkStorage (DIM1): All chunks are saved
[05Jan2025 01:19:18.368] [Server thread/INFO] [net.minecraft.server.MinecraftServer/]: ThreadedAnvilChunkStorage (mining): All chunks are saved
[05Jan2025 01:19:18.368] [Server thread/INFO] [net.minecraft.server.MinecraftServer/]: ThreadedAnvilChunkStorage (the_beyond): All chunks are saved
[05Jan2025 01:19:18.368] [Server thread/INFO] [net.minecraft.server.MinecraftServer/]: ThreadedAnvilChunkStorage (spatial_storage): All chunks are saved
[05Jan2025 01:19:18.368] [Server thread/INFO] [net.minecraft.server.MinecraftServer/]: ThreadedAnvilChunkStorage: All dimensions are saved
[05Jan2025 01:19:18.412] [Server thread/INFO] [shetiphian.endertanks.EnderTanks/]: Unloading EnderTank Data
[05Jan2025 01:19:18.412] [Server thread/INFO] [shetiphian.endertanks.EnderTanks/]: Finished Unloading EnderTank Data
[05Jan2025 01:19:18.412] [Server thread/INFO] [shetiphian.enderchests.EnderChests/]: Unloading EnderChest Data
[05Jan2025 01:19:18.412] [Server thread/INFO] [shetiphian.enderchests.EnderChests/]: Finished Unloading EnderChest Data
[05Jan2025 01:19:18.486] [Server thread/INFO] [FluxNetworks/Energy]: Energy blacklist loaded: 1 block entries, 0 item entries
